<?xml version="1.0" encoding="UTF-8"?>
<testng-results skipped="0" failed="0" total="1" passed="1">
  <reporter-output>
  </reporter-output>
  <suite name="Default suite" duration-ms="421" started-at="2014-11-13T18:04:32Z" finished-at="2014-11-13T18:04:33Z">
    <groups>
    </groups>
    <test name="Default test" duration-ms="421" started-at="2014-11-13T18:04:32Z" finished-at="2014-11-13T18:04:33Z">
      <class name="com.sprhib.test.RoleServiceTest">
        <test-method status="PASS" signature="springTestContextBeforeTestClass()[pri:0, instance:com.sprhib.test.RoleServiceTest@c2c915f]" name="springTestContextBeforeTestClass" is-config="true" duration-ms="5" started-at="2014-11-13T13:04:32Z" finished-at="2014-11-13T13:04:32Z">
          <reporter-output>
          </reporter-output>
        </test-method> <!-- springTestContextBeforeTestClass -->
        <test-method status="PASS" signature="springTestContextPrepareTestInstance()[pri:0, instance:com.sprhib.test.RoleServiceTest@c2c915f]" name="springTestContextPrepareTestInstance" is-config="true" duration-ms="278" started-at="2014-11-13T13:04:32Z" depends-on-methods="org.springframework.test.context.testng.AbstractTestNGSpringContextTests.springTestContextBeforeTestClass" finished-at="2014-11-13T13:04:33Z">
          <reporter-output>
          </reporter-output>
        </test-method> <!-- springTestContextPrepareTestInstance -->
        <test-method status="PASS" signature="springTestContextBeforeTestMethod(java.lang.reflect.Method)[pri:0, instance:com.sprhib.test.RoleServiceTest@c2c915f]" name="springTestContextBeforeTestMethod" is-config="true" duration-ms="1" started-at="2014-11-13T13:04:33Z" finished-at="2014-11-13T13:04:33Z">
          <params>
            <param index="0">
              <value>
                <![CDATA[public void com.sprhib.test.RoleServiceTest.testGetRoles()]]>
              </value>
            </param>
          </params>
          <reporter-output>
          </reporter-output>
        </test-method> <!-- springTestContextBeforeTestMethod -->
        <test-method status="PASS" signature="beforeMethod()[pri:0, instance:com.sprhib.test.RoleServiceTest@c2c915f]" name="beforeMethod" is-config="true" duration-ms="88" started-at="2014-11-13T13:04:33Z" finished-at="2014-11-13T13:04:33Z">
          <reporter-output>
          </reporter-output>
        </test-method> <!-- beforeMethod -->
        <test-method status="PASS" signature="testGetRoles()[pri:0, instance:com.sprhib.test.RoleServiceTest@c2c915f]" name="testGetRoles" duration-ms="40" started-at="2014-11-13T13:04:33Z" finished-at="2014-11-13T13:04:33Z">
          <reporter-output>
          </reporter-output>
        </test-method> <!-- testGetRoles -->
        <test-method status="PASS" signature="springTestContextAfterTestMethod(java.lang.reflect.Method)[pri:0, instance:com.sprhib.test.RoleServiceTest@c2c915f]" name="springTestContextAfterTestMethod" is-config="true" duration-ms="1" started-at="2014-11-13T13:04:33Z" finished-at="2014-11-13T13:04:33Z">
          <params>
            <param index="0">
              <value>
                <![CDATA[public void com.sprhib.test.RoleServiceTest.testGetRoles()]]>
              </value>
            </param>
          </params>
          <reporter-output>
          </reporter-output>
        </test-method> <!-- springTestContextAfterTestMethod -->
        <test-method status="PASS" signature="springTestContextAfterTestClass()[pri:0, instance:com.sprhib.test.RoleServiceTest@c2c915f]" name="springTestContextAfterTestClass" is-config="true" duration-ms="0" started-at="2014-11-13T13:04:33Z" finished-at="2014-11-13T13:04:33Z">
          <reporter-output>
          </reporter-output>
        </test-method> <!-- springTestContextAfterTestClass -->
      </class> <!-- com.sprhib.test.RoleServiceTest -->
    </test> <!-- Default test -->
  </suite> <!-- Default suite -->
</testng-results>
